-- The C compiler identification is GNU 13.3.0
-- The CXX compiler identification is GNU 13.3.0
-- Detecting C compiler ABI info
-- Detecting C compiler ABI info - done
-- Check for working C compiler: /usr/bin/cc - skipped
-- Detecting C compile features
-- Detecting C compile features - done
-- Detecting CXX compiler ABI info
-- Detecting CXX compiler ABI info - done
-- Check for working CXX compiler: /usr/bin/c++ - skipped
-- Detecting CXX compile features
-- Detecting CXX compile features - done
-- Configuring done (0.2s)
-- Generating done (0.0s)
-- Build files have been written to: /home/tislamov/Develop/FunFS/build
[ 16%] Building C object src/CMakeFiles/FunFSexec.dir/main.c.o
/home/tislamov/Develop/FunFS/src/main.c:305:1: warning: ‘test_04’ defined but not used [-Wunused-function]
  305 | test_04(void)
      | ^~~~~~~
/home/tislamov/Develop/FunFS/src/main.c:202:1: warning: ‘test_03’ defined but not used [-Wunused-function]
  202 | test_03(void)
      | ^~~~~~~
/home/tislamov/Develop/FunFS/src/main.c:189:1: warning: ‘test_02’ defined but not used [-Wunused-function]
  189 | test_02(void)
      | ^~~~~~~
/home/tislamov/Develop/FunFS/src/main.c:136:1: warning: ‘test_01’ defined but not used [-Wunused-function]
  136 | test_01(void)
      | ^~~~~~~
[ 33%] Building C object src/CMakeFiles/FunFSexec.dir/flash_emu.c.o
[ 50%] Building C object src/CMakeFiles/FunFSexec.dir/iso7816.c.o
[ 66%] Building C object src/CMakeFiles/FunFSexec.dir/iso7816_helpers.c.o
[ 83%] Building C object src/CMakeFiles/FunFSexec.dir/debug.c.o
[100%] Linking C executable FunFSexec
[100%] Built target FunFSexec
